<?xml version="1.0" encoding="UTF-8"?>
<!-- Generated by org.testng.reporters.JUnitReportReporter -->
<testsuite skipped="0" hostname="BDC6-DX-6C6DNK2" name="SeleniumPlus.Test5" tests="3" failures="0" timestamp="22 Oct 2019 05:59:23 GMT" time="0.009" errors="0">
  <testcase name="test2" time="0.002" classname="SeleniumPlus.Test5"/>
  <testcase name="test3" time="0.002" classname="SeleniumPlus.Test5"/>
  <testcase name="test1" time="0.005" classname="SeleniumPlus.Test5"/>
</testsuite> <!-- SeleniumPlus.Test5 -->
