<?xml version="1.0" encoding="UTF-8"?>
<!-- Generated by org.testng.reporters.JUnitReportReporter -->
<testsuite skipped="0" hostname="BDC6-DX-6C6DNK2" name="SeleniumPlus.Test2" tests="1" failures="0" timestamp="21 Oct 2019 09:55:45 GMT" time="0.729" errors="0">
  <testcase name="TestExcel" time="0.729" classname="SeleniumPlus.Test2"/>
</testsuite> <!-- SeleniumPlus.Test2 -->
