<?xml version="1.0" encoding="UTF-8"?>
<!-- Generated by org.testng.reporters.JUnitReportReporter -->
<testsuite skipped="0" hostname="BDC6-DX-6C6DNK2" name="SeleniumPlus.Test4" tests="1" failures="0" timestamp="22 Oct 2019 04:38:19 GMT" time="18.641" errors="0">
  <testcase name="testProducts" time="18.641" classname="SeleniumPlus.Test4"/>
</testsuite> <!-- SeleniumPlus.Test4 -->
